  Calculadora.cpp
c:\users\nathalie\source\repos\project2\project2\calculadora.cpp(150): warning C4018: '<': no coinciden signed/unsigned
c:\users\nathalie\source\repos\project2\project2\calculadora.cpp(190): warning C4018: '<': no coinciden signed/unsigned
c:\users\nathalie\source\repos\project2\project2\calculadora.cpp(195): warning C4244: 'argumento': conversión de 'double' a 'const int'; posible pérdida de datos
  MyForm.cpp
c:\users\nathalie\source\repos\project2\project2\myform.h(509): warning C4244: 'argumento': conversión de 'double' a 'const int'; posible pérdida de datos
c:\users\nathalie\source\repos\project2\project2\myform.h(524): warning C4244: 'argumento': conversión de 'double' a 'const int'; posible pérdida de datos
c:\users\nathalie\source\repos\project2\project2\myform.cpp(9): warning C4829: Parámetros posiblemente incorrectos para la función main. Utilice 'int main(Platform::Array<Platform::String^>^ argv)'
  Generando código...
c:\users\nathalie\source\repos\project2\project2\calculadora.cpp(12): warning C4793: 'Calculadora::suma': función compilada como nativa :
  	Ensamblado nativo insertado no admitido en código administrado
c:\users\nathalie\source\repos\project2\project2\calculadora.cpp(24): warning C4793: 'Calculadora::resta': función compilada como nativa :
  	Ensamblado nativo insertado no admitido en código administrado
c:\users\nathalie\source\repos\project2\project2\calculadora.cpp(36): warning C4793: 'Calculadora::multiplicacion': función compilada como nativa :
  	Ensamblado nativo insertado no admitido en código administrado
c:\users\nathalie\source\repos\project2\project2\calculadora.cpp(48): warning C4793: 'Calculadora::division': función compilada como nativa :
  	Ensamblado nativo insertado no admitido en código administrado
c:\users\nathalie\source\repos\project2\project2\calculadora.cpp(60): warning C4793: 'Calculadora::potencia': función compilada como nativa :
  	Ensamblado nativo insertado no admitido en código administrado
c:\users\nathalie\source\repos\project2\project2\calculadora.cpp(77): warning C4793: 'Calculadora::factorial': función compilada como nativa :
  	Ensamblado nativo insertado no admitido en código administrado
c:\users\nathalie\source\repos\project2\project2\calculadora.cpp(92): warning C4793: 'Calculadora::raiz': función compilada como nativa :
  	Ensamblado nativo insertado no admitido en código administrado
c:\users\nathalie\source\repos\project2\project2\calculadora.cpp(103): warning C4793: 'Calculadora::seno': función compilada como nativa :
  	Ensamblado nativo insertado no admitido en código administrado
c:\users\nathalie\source\repos\project2\project2\calculadora.cpp(114): warning C4793: 'Calculadora::coseno': función compilada como nativa :
  	Ensamblado nativo insertado no admitido en código administrado
  .NETFramework,Version=v4.6.1.AssemblyAttributes.cpp
  Project2.vcxproj -> C:\Users\Nathalie\source\repos\Project2\Debug\Project2.exe
